C51 COMPILER V6.12  12864                                                                  06/24/2012 14:07:23 PAGE 1   


C51 COMPILER V6.12, COMPILATION OF MODULE 12864
OBJECT MODULE PLACED IN .\12864.OBJ
COMPILER INVOKED BY: C:\Keil\C51\BIN\C51.EXE .\12864.c DEBUG OBJECTEXTEND

stmt level    source

   1          #include<reg52.h>
   2          
   3          #define uchar unsigned  char
   4          #define uint  unsigned  int
   5          sbit RS=P1^5;
   6          sbit RW=P1^6;
   7          sbit E=P1^7;                        
   8          sbit PSB=P1^4;   //硬件上的串口,并口选择位,此开发板用的是并口,此位置1为并口
   9          
  10          
  11          
  12          
  13          uchar code table_1[]={"校园一卡通研发"};
  14          uchar code table_2[]={"卡号:"};
  15          uchar code table_3[]={"消费:"};
  16          uchar code table_4[]={"余额:"};
  17          
  18          uchar code table_5[]={"."};
  19          uchar code table_6[]={"元"};
  20          
  21          uchar code table_7[]={"("};
  22          uchar code table_8[]={")"};
  23          
  24          uchar code table_9[]={"                "};
  25          
  26          uchar code table_a[]={"广州恒天欢迎您"};
  27          uchar code table_b[]={"请刷卡"};
  28          uchar code table_c[]={"密码错!"};
  29          uchar code table_d[]={"请接射频卡模块!"};
  30          /////延时函数//////////////////////////////////
  31          void delay1(unsigned int z)
  32          {
  33   1      	unsigned int x,y;
  34   1      	for(x=z;x>0;x--)
  35   1      	for(y=110;y>0;y--);	
  36   1      }
  37          ///////////////////////////////////////////////
  38          //////写命令////////////////////////////////////
  39          void WriteCommand(uchar a)
  40          {
  41   1      	 E=0;  //1读取信息；1-0下降沿执行指令
  42   1      	 RS=0;  //0=写指令；1=写数据
  43   1      	 RW=0;  //0=写指令或数据；1=读LCD信息
  44   1      	 E=1;  //读信息
  45   1      	 P2=a;  //写指令
  46   1      	 delay1(5);           //延时 
  47   1      	 E=0;    //执行指令
  48   1      	 delay1(5);           //延时 
  49   1      }
  50          //////////////////////////////////////////////////
  51          
  52          
  53          //////写数据//////////////////////////////////////
  54          void WriteData(uchar b)  
  55          {
C51 COMPILER V6.12  12864                                                                  06/24/2012 14:07:23 PAGE 2   

  56   1      
  57   1           E=0;   //执行指令
  58   1      	 RS=1;   //写数据
  59   1      	 RW=0;   //写数据
  60   1      	 E=1;   //读取信息
  61   1      	 P2=b;   //写数据
  62   1      	 delay1(5);      //延时 
  63   1      	 E=0;     //执行指令
  64   1      	 delay1(5);      //延时 
  65   1      }
  66          //////////////////////////////////////////////////
  67          
  68          
  69          
  70          ///////初始化////////////////////////////////////
  71          void initial_LCD()      
  72          {   
  73   1      
  74   1         	 PSB=1;      //选择为并口
  75   1      	 WriteCommand(0x01);  //清屏
  76   1      	 WriteCommand(0x30);  //功能设置。8字节界面，基本指令集。（0011 x0xx）
  77   1      	 WriteCommand(0x0c);  //显示设置。整体显示，光标不显示，光标不反向。（0000 1110）
  78   1      	 WriteCommand(0x06);   //输入方式设置。光标右移，地址位加1；整体右移。（0000 0110)
  79   1      	// WriteCommand(0x14);   //光标右移。
  80   1      }
  81          /////////////////////////////////////////////////
  82          
  83          
  84          
  85          ///////要显示的内容//////////////////////////////
  86          
  87          void DispalyLcd()
  88          {
  89   1      	 unsigned char i;
  90   1      	 WriteCommand(0x81);  		//页地址,从80开始,详情参见资料//
  91   1      	 for (i=1;i<=14;i++)		//第一行显示的是7个汉字,1个汉字为2个字节,所以这里要发送14个字节//
  92   1      	 WriteData(table_1[i-1])  ;   
  93   1      
  94   1      	 WriteCommand(0x90);  		//页地址,从92开始,详情参见资料//
  95   1      	 for (i=1;i<=5;i++)		
  96   1      	 WriteData(table_2[i-1])  ; 
  97   1      
  98   1      
  99   1      	 WriteCommand(0x88);  		//页地址,从88开始,详情参见资料//
 100   1      	 for (i=1;i<=5;i++)		    //第三行
 101   1      	 WriteData(table_3[i-1])  ; 
 102   1      
 103   1      
 104   1      	 WriteCommand(0x98);  	
 105   1      	 for (i=1;i<=16;i++)		
 106   1      	 WriteData(table_9[i-1])  ; 
 107   1      
 108   1      
 109   1      
 110   1      
 111   1      	 WriteCommand(0x98);  		//页地址,从88开始,详情参见资料//
 112   1      	 for (i=1;i<=5;i++)		
 113   1      	 WriteData(table_4[i-1])  ; 
 114   1      
 115   1      }
 116          /////////////////////////////////////////////////////
 117          
C51 COMPILER V6.12  12864                                                                  06/24/2012 14:07:23 PAGE 3   

 118          //////////数值的转换格式  \ 显示数值 ////////////////
 119          
 120          void LCD_Data(uchar LCDbyte )
 121          {
 122   1      	 unsigned char count;
 123   1      	 count=(LCDbyte&0xf0)>>4;
 124   1      	 if (count>0x9) WriteData(count%9+0x40);
 125   1      	 else WriteData(count+0x30);
 126   1      	 count=LCDbyte&0x0f;
 127   1      	 if (count>9) WriteData(count%9+0x40);
 128   1      	 else WriteData(count+0x30);
 129   1      }
 130          /////////////////////////////////////////////////////
 131          
 132          void displaymun(uchar temp1,uchar temp2,uchar temp3,uchar temp4,uchar temp5,uchar buff1,uchar buff2,uchar 
             -buff3)
 133          {
 134   1      		uchar i;
 135   1      		WriteCommand(temp1);
 136   1      		LCD_Data(buff1); 
 137   1      
 138   1      		WriteCommand(temp2);
 139   1      		LCD_Data(buff2); 
 140   1      
 141   1      
 142   1      		 WriteCommand(temp4);  	//小数点
 143   1      		 for (i=1;i<=1;i++)		
 144   1      		 WriteData(table_5[i-1])  ;
 145   1      
 146   1      		WriteCommand(temp3);
 147   1      		LCD_Data(buff3); 
 148   1      
 149   1      		 WriteCommand(temp5);  	//元
 150   1      		 for (i=1;i<=2;i++)		
 151   1      		 WriteData(table_6[i-1])  ; 
 152   1      	
 153   1      }
 154          
 155          void dis_Request1()
 156          {
 157   1      		uchar i;
 158   1      		 WriteCommand(0x9b); 
 159   1      		 for (i=1;i<=1;i++)		
 160   1      		 WriteData(table_7[i-1])  ;
 161   1      
 162   1      		 WriteCommand(0x9c); 
 163   1      		 for (i=1;i<=1;i++)		
 164   1      		 WriteData(table_8[i-1])  ;
 165   1      }
 166          
 167          void dis_Request2()
 168          {
 169   1      		uchar i;
 170   1      		 WriteCommand(0x9a); 
 171   1      		 for (i=1;i<=1;i++)		
 172   1      		 WriteData(table_7[i-1])  ;
 173   1      
 174   1      		 WriteCommand(0x9d); 
 175   1      		 for (i=1;i<=1;i++)		
 176   1      		 WriteData(table_8[i-1])  ;
 177   1      }
 178          
C51 COMPILER V6.12  12864                                                                  06/24/2012 14:07:23 PAGE 4   

 179          void dis_Request3()
 180          {
 181   1      		uchar i;
 182   1      		 WriteCommand(0x99); 
 183   1      		 for (i=1;i<=1;i++)		
 184   1      		 WriteData(table_7[i-1])  ;
 185   1      
 186   1      		 WriteCommand(0x9e); 
 187   1      		 for (i=1;i<=1;i++)		
 188   1      		 WriteData(table_8[i-1])  ;
 189   1      }
 190          void DispalyLcd1()
 191          {
 192   1      	 unsigned char i;
 193   1      	 WriteCommand(0x98);  	
 194   1      	 for (i=1;i<=16;i++)		
 195   1      	 WriteData(table_9[i-1])  ; 
 196   1      }
 197          
 198          
 199          void DispalyLcd_home()
 200          {
 201   1      	 unsigned char i;
 202   1      	 WriteCommand(0x81);  	//dis  广州恒天欢迎你
 203   1      	 for (i=1;i<=14;i++)	
 204   1      	 WriteData(table_a[i-1])  ;   
 205   1      
 206   1       
 207   1      
 208   1      	 WriteCommand(0x93);  		//dis:请刷卡
 209   1      	 for (i=1;i<=6;i++)		
 210   1      	 WriteData(table_b[i-1])  ; 
 211   1      
 212   1      	 
 213   1      }
 214          
 215          void dis_passerror()
 216          {
 217   1      	 unsigned char i;
 218   1      
 219   1      	 WriteCommand(0x88);  	
 220   1      	 for (i=1;i<=16;i++)		
 221   1      	 WriteData(table_9[i-1])  ; 
 222   1      	 DispalyLcd1();
 223   1      
 224   1      	 WriteCommand(0x9a);  		
 225   1      	 for (i=1;i<=7;i++)		
 226   1      	 WriteData(table_c[i-1])  ; 	
 227   1      }
 228          
 229          void DispalyLcd_RF()
 230          {
 231   1      	 unsigned char i;
 232   1      	 WriteCommand(0x80);  	
 233   1      	 for (i=1;i<=15;i++)	
 234   1      	 WriteData(table_d[i-1])  ;   
 235   1      
 236   1      	 
 237   1      }


MODULE INFORMATION:   STATIC OVERLAYABLE
C51 COMPILER V6.12  12864                                                                  06/24/2012 14:07:23 PAGE 5   

   CODE SIZE        =    564    ----
   CONSTANT SIZE    =    105    ----
   XDATA SIZE       =   ----    ----
   PDATA SIZE       =   ----    ----
   DATA SIZE        =   ----       8
   IDATA SIZE       =   ----    ----
   BIT SIZE         =   ----    ----
END OF MODULE INFORMATION.


C51 COMPILATION COMPLETE.  0 WARNING(S),  0 ERROR(S)
