


ARM Macro Assembler    Page 1 


    1 00000000         ; <<< Use Configuration Wizard in Context Menu >>>
    2 00000000         ;*******************************************************
                       ***********************
    3 00000000         ;
    4 00000000         ; Startup.s - Startup code for Stellaris.
    5 00000000         ;
    6 00000000         ; Copyright (c) 2006-2008 Luminary Micro, Inc.  All righ
                       ts reserved.
    7 00000000         ; 
    8 00000000         ; Software License Agreement
    9 00000000         ; 
   10 00000000         ; Luminary Micro, Inc. (LMI) is supplying this software 
                       for use solely and
   11 00000000         ; exclusively on LMI's microcontroller products.
   12 00000000         ; 
   13 00000000         ; The software is owned by LMI and/or its suppliers, and
                        is protected under
   14 00000000         ; applicable copyright laws.  All rights are reserved.  
                       You may not combine
   15 00000000         ; this software with "viral" open-source software in ord
                       er to form a larger
   16 00000000         ; program.  Any use in violation of the foregoing restri
                       ctions may subject
   17 00000000         ; the user to criminal sanctions under applicable laws, 
                       as well as to civil
   18 00000000         ; liability for the breach of the terms and conditions o
                       f this license.
   19 00000000         ; 
   20 00000000         ; THIS SOFTWARE IS PROVIDED "AS IS".  NO WARRANTIES, WHE
                       THER EXPRESS, IMPLIED
   21 00000000         ; OR STATUTORY, INCLUDING, BUT NOT LIMITED TO, IMPLIED W
                       ARRANTIES OF
   22 00000000         ; MERCHANTABILITY AND FITNESS FOR A PARTICULAR PURPOSE A
                       PPLY TO THIS SOFTWARE.
   23 00000000         ; LMI SHALL NOT, IN ANY CIRCUMSTANCES, BE LIABLE FOR SPE
                       CIAL, INCIDENTAL, OR
   24 00000000         ; CONSEQUENTIAL DAMAGES, FOR ANY REASON WHATSOEVER.
   25 00000000         ; 
   26 00000000         ; This is part of revision 2523 of the Stellaris Periphe
                       ral Driver Library.
   27 00000000         ;
   28 00000000         ;*******************************************************
                       ***********************
   29 00000000         
   30 00000000         ;*******************************************************
                       ***********************
   31 00000000         ;
   32 00000000         ; <o> Stack Size (in Bytes) <0x0-0xFFFFFFFF:8>
   33 00000000         ;
   34 00000000         ;*******************************************************
                       ***********************
   35 00000000 00000100 
                       Stack   EQU              0x00000100
   36 00000000         
   37 00000000         ;*******************************************************
                       ***********************
   38 00000000         ;
   39 00000000         ; <o> Heap Size (in Bytes) <0x0-0xFFFFFFFF:8>
   40 00000000         ;



ARM Macro Assembler    Page 2 


   41 00000000         ;*******************************************************
                       ***********************
   42 00000000 00000000 
                       Heap    EQU              0x00000000
   43 00000000         
   44 00000000         ;*******************************************************
                       ***********************
   45 00000000         ;
   46 00000000         ; Allocate space for the stack.
   47 00000000         ;
   48 00000000         ;*******************************************************
                       ***********************
   49 00000000                 AREA             STACK, NOINIT, READWRITE, ALIGN
=3
   50 00000000         StackMem
   51 00000000                 SPACE            Stack
   52 00000100         __initial_sp
   53 00000100         
   54 00000100         ;*******************************************************
                       ***********************
   55 00000100         ;
   56 00000100         ; Allocate space for the heap.
   57 00000100         ;
   58 00000100         ;*******************************************************
                       ***********************
   59 00000100                 AREA             HEAP, NOINIT, READWRITE, ALIGN=
3
   60 00000000         __heap_base
   61 00000000         HeapMem
   62 00000000                 SPACE            Heap
   63 00000000         __heap_limit
   64 00000000         
   65 00000000         ;*******************************************************
                       ***********************
   66 00000000         ;
   67 00000000         ; Indicate that the code in this file preserves 8-byte a
                       lignment of the stack.
   68 00000000         ;
   69 00000000         ;*******************************************************
                       ***********************
   70 00000000                 PRESERVE8
   71 00000000         
   72 00000000         ;*******************************************************
                       ***********************
   73 00000000         ;
   74 00000000         ; Place code into the reset code section.
   75 00000000         ;
   76 00000000         ;*******************************************************
                       ***********************
   77 00000000                 AREA             RESET, CODE, READONLY
   78 00000000                 THUMB
   79 00000000         
   80 00000000                 EXTERN           Timer0A_ISR
   81 00000000         ;*******************************************************
                       ***********************
   82 00000000         ;
   83 00000000         ; The vector table.
   84 00000000         ;
   85 00000000         ;*******************************************************



ARM Macro Assembler    Page 3 


                       ***********************
   86 00000000                 EXPORT           __Vectors
   87 00000000         __Vectors
   88 00000000 00000100        DCD              StackMem + Stack ; Top of Stack
                                                            
   89 00000004 00000000        DCD              Reset_Handler ; Reset Handler
   90 00000008 00000000        DCD              NmiSR       ; NMI Handler
   91 0000000C 00000000        DCD              FaultISR    ; Hard Fault Handle
                                                            r
   92 00000010 00000000        DCD              IntDefaultHandler 
                                                            ; MPU Fault Handler
                                                            
   93 00000014 00000000        DCD              IntDefaultHandler 
                                                            ; Bus Fault Handler
                                                            
   94 00000018 00000000        DCD              IntDefaultHandler ; Usage Fault
                                                             Handler
   95 0000001C 00000000        DCD              0           ; Reserved
   96 00000020 00000000        DCD              0           ; Reserved
   97 00000024 00000000        DCD              0           ; Reserved
   98 00000028 00000000        DCD              0           ; Reserved
   99 0000002C 00000000        DCD              IntDefaultHandler 
                                                            ; SVCall Handler
  100 00000030 00000000        DCD              IntDefaultHandler ; Debug Monit
                                                            or Handler
  101 00000034 00000000        DCD              0           ; Reserved
  102 00000038 00000000        DCD              IntDefaultHandler 
                                                            ; PendSV Handler
  103 0000003C 00000000        DCD              IntDefaultHandler 
                                                            ; SysTick Handler
  104 00000040 00000000        DCD              IntDefaultHandler ; GPIO Port A
                                                            
  105 00000044 00000000        DCD              IntDefaultHandler ; GPIO Port B
                                                            
  106 00000048 00000000        DCD              IntDefaultHandler ; GPIO Port C
                                                            
  107 0000004C 00000000        DCD              IntDefaultHandler ; GPIO Port D
                                                            
  108 00000050 00000000        DCD              IntDefaultHandler ; GPIO Port E
                                                            
  109 00000054 00000000        DCD              IntDefaultHandler ; UART0
  110 00000058 00000000        DCD              IntDefaultHandler ; UART1
  111 0000005C 00000000        DCD              IntDefaultHandler ; SSI
  112 00000060 00000000        DCD              IntDefaultHandler ; I2C
  113 00000064 00000000        DCD              IntDefaultHandler ; PWM Fault
  114 00000068 00000000        DCD              IntDefaultHandler 
                                                            ; PWM Generator 0
  115 0000006C 00000000        DCD              IntDefaultHandler 
                                                            ; PWM Generator 1
  116 00000070 00000000        DCD              IntDefaultHandler 
                                                            ; PWM Generator 2
  117 00000074 00000000        DCD              IntDefaultHandler ; Quadrature 
                                                            Encoder
  118 00000078 00000000        DCD              IntDefaultHandler 
                                                            ; ADC Sequence 0
  119 0000007C 00000000        DCD              IntDefaultHandler 
                                                            ; ADC Sequence 1
  120 00000080 00000000        DCD              IntDefaultHandler 
                                                            ; ADC Sequence 2



ARM Macro Assembler    Page 4 


  121 00000084 00000000        DCD              IntDefaultHandler 
                                                            ; ADC Sequence 3
  122 00000088 00000000        DCD              IntDefaultHandler ; Watchdog
  123 0000008C 00000000        DCD              IntDefaultHandler ; Timer 0A
  124 00000090 00000000        DCD              IntDefaultHandler ; Timer 0B
  125 00000094 00000000        DCD              IntDefaultHandler ; Timer 1A
  126 00000098 00000000        DCD              IntDefaultHandler ; Timer 1B
  127 0000009C 00000000        DCD              IntDefaultHandler ; Timer 2A
  128 000000A0 00000000        DCD              IntDefaultHandler ; Timer 2B
  129 000000A4 00000000        DCD              IntDefaultHandler ; Comp 0
  130 000000A8 00000000        DCD              IntDefaultHandler ; Comp 1
  131 000000AC 00000000        DCD              IntDefaultHandler ; Comp 2
  132 000000B0 00000000        DCD              IntDefaultHandler 
                                                            ; System Control
  133 000000B4 00000000        DCD              IntDefaultHandler 
                                                            ; Flash Control
  134 000000B8 00000000        DCD              IntDefaultHandler ; GPIO Port F
                                                            
  135 000000BC 00000000        DCD              IntDefaultHandler ; GPIO Port G
                                                            
  136 000000C0 00000000        DCD              IntDefaultHandler ; GPIO Port H
                                                            
  137 000000C4 00000000        DCD              IntDefaultHandler 
                                                            ; UART2 Rx and Tx
  138 000000C8 00000000        DCD              IntDefaultHandler 
                                                            ; SSI1 Rx and Tx
  139 000000CC 00000000        DCD              IntDefaultHandler ; Timer 3 sub
                                                            timer A
  140 000000D0 00000000        DCD              IntDefaultHandler ; Timer 3 sub
                                                            timer B
  141 000000D4 00000000        DCD              IntDefaultHandler ; I2C1 Master
                                                             and Slave
  142 000000D8 00000000        DCD              IntDefaultHandler ; Quadrature 
                                                            Encoder 1
  143 000000DC 00000000        DCD              IntDefaultHandler ; CAN0
  144 000000E0 00000000        DCD              IntDefaultHandler ; CAN1
  145 000000E4 00000000        DCD              IntDefaultHandler ; CAN2
  146 000000E8 00000000        DCD              IntDefaultHandler ; Ethernet
  147 000000EC 00000000        DCD              IntDefaultHandler ; Hibernate
  148 000000F0 00000000        DCD              IntDefaultHandler ; USB0
  149 000000F4 00000000        DCD              IntDefaultHandler 
                                                            ; PWM Generator 3
  150 000000F8 00000000        DCD              IntDefaultHandler ; uDMA Softwa
                                                            re Transfer
  151 000000FC 00000000        DCD              IntDefaultHandler ; uDMA Error
  152 00000100         
  153 00000100         ;*******************************************************
                       ***********************
  154 00000100         ;
  155 00000100         ; This is the code that gets called when the processor f
                       irst starts execution
  156 00000100         ; following a reset event.
  157 00000100         ;
  158 00000100         ;*******************************************************
                       ***********************
  159 00000100                 EXPORT           Reset_Handler
  160 00000100         Reset_Handler
  161 00000100         ;
  162 00000100         ; Call the C library enty point that handles startup.  T



ARM Macro Assembler    Page 5 


                       his will copy
  163 00000100         ; the .data section initializers from flash to SRAM and 
                       zero fill the
  164 00000100         ; .bss section.
  165 00000100         ;
  166 00000100                 IMPORT           __main
  167 00000100 F7FF BFFE       B                __main
  168 00000104         
  169 00000104         ;*******************************************************
                       ***********************
  170 00000104         ;
  171 00000104         ; This is the code that gets called when the processor r
                       eceives a NMI.  This
  172 00000104         ; simply enters an infinite loop, preserving the system 
                       state for examination
  173 00000104         ; by a debugger.
  174 00000104         ;
  175 00000104         ;*******************************************************
                       ***********************
  176 00000104         NmiSR
  177 00000104 E7FE            B                NmiSR
  178 00000106         
  179 00000106         ;*******************************************************
                       ***********************
  180 00000106         ;
  181 00000106         ; This is the code that gets called when the processor r
                       eceives a fault
  182 00000106         ; interrupt.  This simply enters an infinite loop, prese
                       rving the system state
  183 00000106         ; for examination by a debugger.
  184 00000106         ;
  185 00000106         ;*******************************************************
                       ***********************
  186 00000106         FaultISR
  187 00000106 E7FE            B                FaultISR
  188 00000108         
  189 00000108         ;*******************************************************
                       ***********************
  190 00000108         ;
  191 00000108         ; This is the code that gets called when the processor r
                       eceives an unexpected
  192 00000108         ; interrupt.  This simply enters an infinite loop, prese
                       rving the system state
  193 00000108         ; for examination by a debugger.
  194 00000108         ;
  195 00000108         ;*******************************************************
                       ***********************
  196 00000108         IntDefaultHandler
  197 00000108 E7FE            B                IntDefaultHandler
  198 0000010A         
  199 0000010A         ;*******************************************************
                       ***********************
  200 0000010A         ;
  201 0000010A         ; Make sure the end of this section is aligned.
  202 0000010A         ;
  203 0000010A         ;*******************************************************
                       ***********************
  204 0000010A 00 00           ALIGN
  205 0000010C         



ARM Macro Assembler    Page 6 


  206 0000010C         ;*******************************************************
                       ***********************
  207 0000010C         ;
  208 0000010C         ; Some code in the normal code section for initializing 
                       the heap and stack.
  209 0000010C         ;
  210 0000010C         ;*******************************************************
                       ***********************
  211 0000010C                 AREA             |.text|, CODE, READONLY
  212 00000000         
  213 00000000         ;*******************************************************
                       ***********************
  214 00000000         ;
  215 00000000         ; The function expected of the C library startup code fo
                       r defining the stack
  216 00000000         ; and heap memory locations.  For the C library version 
                       of the startup code,
  217 00000000         ; provide this function so that the C library initializa
                       tion code can find out
  218 00000000         ; the location of the stack and heap.
  219 00000000         ;
  220 00000000         ;*******************************************************
                       ***********************
  221 00000000                 IF               :DEF: __MICROLIB
  226 00000000                 IMPORT           __use_two_region_memory
  227 00000000                 EXPORT           __user_initial_stackheap
  228 00000000         __user_initial_stackheap
  229 00000000 4802            LDR              R0, =HeapMem
  230 00000002 4903            LDR              R1, =(StackMem + Stack)
  231 00000004 4A01            LDR              R2, =(HeapMem + Heap)
  232 00000006 4B03            LDR              R3, =StackMem
  233 00000008 4770            BX               LR
  234 0000000A                 ENDIF
  235 0000000A         
  236 0000000A         ;*******************************************************
                       ***********************
  237 0000000A         ;
  238 0000000A         ; Make sure the end of this section is aligned.
  239 0000000A         ;
  240 0000000A         ;*******************************************************
                       ***********************
  241 0000000A 00 00           ALIGN
  242 0000000C         
  243 0000000C         ;*******************************************************
                       ***********************
  244 0000000C         ;
  245 0000000C         ; Tell the assembler that we're done.
  246 0000000C         ;
  247 0000000C         ;*******************************************************
                       ***********************
  248 0000000C                 END
              00000000 
              00000100 
              00000000 
Command Line: --debug --xref --cpu=Cortex-M3 --apcs=interwork --depend=Startup.
d -oStartup.o -IC:\Keil\ARM\INC -IC:\Keil\ARM\INC\Luminary --list=Startup.lst S
tartup.s



ARM Macro Assembler    Page 1 Alphabetic symbol ordering
Relocatable symbols

STACK 00000000

Symbol: STACK
   Definitions
      At line 49 in file Startup.s
   Uses
      None
Comment: STACK unused
StackMem 00000000

Symbol: StackMem
   Definitions
      At line 50 in file Startup.s
   Uses
      At line 88 in file Startup.s
      At line 230 in file Startup.s
      At line 232 in file Startup.s

__initial_sp 00000100

Symbol: __initial_sp
   Definitions
      At line 52 in file Startup.s
   Uses
      None
Comment: __initial_sp unused
3 symbols



ARM Macro Assembler    Page 1 Alphabetic symbol ordering
Relocatable symbols

HEAP 00000000

Symbol: HEAP
   Definitions
      At line 59 in file Startup.s
   Uses
      None
Comment: HEAP unused
HeapMem 00000000

Symbol: HeapMem
   Definitions
      At line 61 in file Startup.s
   Uses
      At line 229 in file Startup.s
      At line 231 in file Startup.s

__heap_base 00000000

Symbol: __heap_base
   Definitions
      At line 60 in file Startup.s
   Uses
      None
Comment: __heap_base unused
__heap_limit 00000000

Symbol: __heap_limit
   Definitions
      At line 63 in file Startup.s
   Uses
      None
Comment: __heap_limit unused
4 symbols



ARM Macro Assembler    Page 1 Alphabetic symbol ordering
Relocatable symbols

FaultISR 00000106

Symbol: FaultISR
   Definitions
      At line 186 in file Startup.s
   Uses
      At line 91 in file Startup.s
      At line 187 in file Startup.s

IntDefaultHandler 00000108

Symbol: IntDefaultHandler
   Definitions
      At line 196 in file Startup.s
   Uses
      At line 92 in file Startup.s
      At line 93 in file Startup.s
      At line 94 in file Startup.s
      At line 99 in file Startup.s
      At line 100 in file Startup.s
      At line 102 in file Startup.s
      At line 103 in file Startup.s
      At line 104 in file Startup.s
      At line 105 in file Startup.s
      At line 106 in file Startup.s
      At line 107 in file Startup.s
      At line 108 in file Startup.s
      At line 109 in file Startup.s
      At line 110 in file Startup.s
      At line 111 in file Startup.s
      At line 112 in file Startup.s
      At line 113 in file Startup.s
      At line 114 in file Startup.s
      At line 115 in file Startup.s
      At line 116 in file Startup.s
      At line 117 in file Startup.s
      At line 118 in file Startup.s
      At line 119 in file Startup.s
      At line 120 in file Startup.s
      At line 121 in file Startup.s
      At line 122 in file Startup.s
      At line 123 in file Startup.s
      At line 124 in file Startup.s
      At line 125 in file Startup.s
      At line 126 in file Startup.s
      At line 127 in file Startup.s
      At line 128 in file Startup.s
      At line 129 in file Startup.s
      At line 130 in file Startup.s
      At line 131 in file Startup.s
      At line 132 in file Startup.s
      At line 133 in file Startup.s
      At line 134 in file Startup.s
      At line 135 in file Startup.s
      At line 136 in file Startup.s
      At line 137 in file Startup.s
      At line 138 in file Startup.s
      At line 139 in file Startup.s
      At line 140 in file Startup.s



ARM Macro Assembler    Page 2 Alphabetic symbol ordering
Relocatable symbols

      At line 141 in file Startup.s
      At line 142 in file Startup.s
      At line 143 in file Startup.s
      At line 144 in file Startup.s
      At line 145 in file Startup.s
      At line 146 in file Startup.s
      At line 147 in file Startup.s
      At line 148 in file Startup.s
      At line 149 in file Startup.s
      At line 150 in file Startup.s
      At line 151 in file Startup.s
      At line 197 in file Startup.s

NmiSR 00000104

Symbol: NmiSR
   Definitions
      At line 176 in file Startup.s
   Uses
      At line 90 in file Startup.s
      At line 177 in file Startup.s

RESET 00000000

Symbol: RESET
   Definitions
      At line 77 in file Startup.s
   Uses
      None
Comment: RESET unused
Reset_Handler 00000100

Symbol: Reset_Handler
   Definitions
      At line 160 in file Startup.s
   Uses
      At line 89 in file Startup.s
      At line 159 in file Startup.s

__Vectors 00000000

Symbol: __Vectors
   Definitions
      At line 87 in file Startup.s
   Uses
      At line 86 in file Startup.s
Comment: __Vectors used once
6 symbols



ARM Macro Assembler    Page 1 Alphabetic symbol ordering
Relocatable symbols

.text 00000000

Symbol: .text
   Definitions
      At line 211 in file Startup.s
   Uses
      None
Comment: .text unused
__user_initial_stackheap 00000000

Symbol: __user_initial_stackheap
   Definitions
      At line 228 in file Startup.s
   Uses
      At line 227 in file Startup.s
Comment: __user_initial_stackheap used once
2 symbols



ARM Macro Assembler    Page 1 Alphabetic symbol ordering
Absolute symbols

Heap 00000000

Symbol: Heap
   Definitions
      At line 42 in file Startup.s
   Uses
      At line 62 in file Startup.s
      At line 231 in file Startup.s

Stack 00000100

Symbol: Stack
   Definitions
      At line 35 in file Startup.s
   Uses
      At line 51 in file Startup.s
      At line 88 in file Startup.s
      At line 230 in file Startup.s

2 symbols



ARM Macro Assembler    Page 1 Alphabetic symbol ordering
External symbols

Timer0A_ISR 00000000

Symbol: Timer0A_ISR
   Definitions
      At line 80 in file Startup.s
   Uses
      None
Comment: Timer0A_ISR unused
__main 00000000

Symbol: __main
   Definitions
      At line 166 in file Startup.s
   Uses
      At line 167 in file Startup.s
Comment: __main used once
__use_two_region_memory 00000000

Symbol: __use_two_region_memory
   Definitions
      At line 226 in file Startup.s
   Uses
      None
Comment: __use_two_region_memory unused
3 symbols
348 symbols in table
