C51 COMPILER V9.01   DELAY                                                                 02/17/2011 16:40:45 PAGE 1   


C51 COMPILER V9.01, COMPILATION OF MODULE DELAY
OBJECT MODULE PLACED IN delay.OBJ
COMPILER INVOKED BY: D:\Program Files\keil4\C51\BIN\C51.EXE delay.c BROWSE DEBUG OBJECTEXTEND

line level    source

   1          
   2          /**********************************************************
   3          
   4           file: delay.c
   5          
   6          **********************************************************/
   7          
   8          #include "delay.h"
   9          
  10          /**********************************************************
  11          
  12           us延时子程序
  13          
  14          **********************************************************/
  15          void delayNOP()
  16          {
  17   1         _nop_();_nop_();_nop_();_nop_();
  18   1      }
  19          
  20          /**********************************************************
  21          
  22           ms延时子程序
  23          
  24          **********************************************************/
  25          void delayms( unsigned int ms) 
  26          {
  27   1         unsigned char k;
  28   1         while(ms--)
  29   1         {
  30   2           for(k = 0; k < 120; k++);
  31   2         }
  32   1      }
  33          
  34          /**********************************************************/


MODULE INFORMATION:   STATIC OVERLAYABLE
   CODE SIZE        =     27    ----
   CONSTANT SIZE    =   ----    ----
   XDATA SIZE       =   ----    ----
   PDATA SIZE       =   ----    ----
   DATA SIZE        =   ----    ----
   IDATA SIZE       =   ----    ----
   BIT SIZE         =   ----    ----
END OF MODULE INFORMATION.


C51 COMPILATION COMPLETE.  0 WARNING(S),  0 ERROR(S)
