C51 COMPILER V9.01   LCD                                                                   02/17/2011 16:40:45 PAGE 1   


C51 COMPILER V9.01, COMPILATION OF MODULE LCD
OBJECT MODULE PLACED IN lcd.OBJ
COMPILER INVOKED BY: D:\Program Files\keil4\C51\BIN\C51.EXE lcd.c BROWSE DEBUG OBJECTEXTEND

line level    source

   1          /**********************************************************
   2          
   3          File: lcd.c
   4          
   5          Compiler:  gguoqing
   6          
   7          **********************************************************/
   8          #include <reg52.h>
   9          #include <intrins.h>
  10          #include "lcd.h"
  11          #include "delay.h"
  12                  
  13          #define uchar unsigned char
  14          #define uint  unsigned int
  15          
  16          #define DATA_PORT  P0
  17          
  18          sbit LCD_RS = P2^0;
  19          sbit LCD_RW = P2^1;
  20          sbit LCD_EN = P2^2;
  21          
  22          
  23          /*******************************************************************
  24          
  25            检查LCD忙状态  
  26            lcd_busy为1时，忙，等待。lcd-busy为0时,闲，可写指令与数据。
  27          
  28          *******************************************************************/ 
  29          bit lcd_busy()
  30           {
  31   1          bit result;
  32   1          LCD_RS = 0;
  33   1          LCD_RW = 1;
  34   1          LCD_EN = 1;
  35   1          delayNOP();
  36   1          result = (bit)(DATA_PORT&0x80);
  37   1          LCD_EN = 0;
  38   1          return(result); 
  39   1       }
  40          
  41          /*******************************************************************
  42          
  43            写指令数据到LCD       
  44            RS=L，RW=L，E=高脉冲，D0-D7=指令码。
  45            Check=1，进行忙检测。
  46          
  47          *******************************************************************/
  48          void lcd_wcmd(uchar cmd, bit Check)
  49          {   
  50   1          if(Check)
  51   1          while(lcd_busy());
  52   1      
  53   1          LCD_RS = 0;
  54   1          LCD_RW = 0;
  55   1          LCD_EN = 0;
C51 COMPILER V9.01   LCD                                                                   02/17/2011 16:40:45 PAGE 2   

  56   1          delayNOP();
  57   1          DATA_PORT = cmd;
  58   1          delayNOP();
  59   1          LCD_EN = 1;
  60   1          delayNOP();
  61   1          LCD_EN = 0;
  62   1      }
  63          
  64          /*******************************************************************
  65          
  66            写显示数据到LCD
  67            RS=H，RW=L，E=高脉冲，D0-D7=数据。
  68          
  69          *******************************************************************/
  70          void lcd_wdat(uchar dat)
  71          {                          
  72   1          while(lcd_busy());      //进行忙检测
  73   1      
  74   1          LCD_RS = 1;
  75   1          LCD_RW = 0;
  76   1          LCD_EN = 0;
  77   1          DATA_PORT = dat;
  78   1          delayNOP();
  79   1          LCD_EN = 1;
  80   1          delayNOP();
  81   1          LCD_EN = 0;
  82   1      }
  83          
  84          /*******************************************************************
  85          
  86            LCD初始化设定
  87          
  88          *******************************************************************/
  89          void lcd_init()
  90          { 
  91   1          delayms(50);
  92   1          lcd_wcmd(0x38,0);      //16*2显示，5*7点阵，8位数据
  93   1          delayms(5);
  94   1          lcd_wcmd(0x38,0);      //不进行忙检测，强制执行。
  95   1          delayms(5);
  96   1          lcd_wcmd(0x38,0);
  97   1          delayms(5);
  98   1      
  99   1              lcd_wcmd(0x38,1);      //进行忙检测 
 100   1          delayms(5);
 101   1          lcd_wcmd(0x0c,1);      //显示开，关光标
 102   1          delayms(5);
 103   1          lcd_wcmd(0x06,1);      //移动光标
 104   1          delayms(5);
 105   1          lcd_wcmd(0x01,1);      //清除LCD的显示内容
 106   1          delayms(5);
 107   1      }
 108          
 109          /*******************************************************************
 110          
 111            设定显示位置
 112          
 113          *******************************************************************/
 114          void lcd_pos_xy(uchar pos_x,uchar pos_y)
 115          {                          
 116   1         uchar  pos_temp;
 117   1      
C51 COMPILER V9.01   LCD                                                                   02/17/2011 16:40:45 PAGE 3   

 118   1         pos_temp=pos_x & 0x0f;
 119   1         pos_y &= 0x0f;
 120   1      
 121   1         if(pos_y==0x01)
 122   1         pos_temp |= 0x80;
 123   1         else 
 124   1         if(pos_y==0x02)
 125   1         pos_temp |= 0xc0;
 126   1      
 127   1         lcd_wcmd(pos_temp,1);
 128   1      }
 129          
 130          /*******************************************************************
 131          
 132            写字符串子函数 
 133          
 134          *******************************************************************/
 135          void  lcd_w_string(uchar pos_x,uchar pos_y,uchar code *str,uint times)
 136          {
 137   1         uchar m;
 138   1         lcd_pos_xy(pos_x,pos_y);      //设定起始位置
 139   1         for(m=0; m<16; m++)
 140   1         {
 141   2           lcd_wdat(str[m]);
 142   2               delayms(times);
 143   2         }
 144   1      }
 145          
 146          /*****************************************************************
 147          
 148            pos_x 取值范围： 0 - 15
 149          
 150            pos_y 取值范围： 1 - 2
 151          
 152          ******************************************************************/


MODULE INFORMATION:   STATIC OVERLAYABLE
   CODE SIZE        =    246    ----
   CONSTANT SIZE    =   ----    ----
   XDATA SIZE       =   ----    ----
   PDATA SIZE       =   ----    ----
   DATA SIZE        =   ----       9
   IDATA SIZE       =   ----    ----
   BIT SIZE         =   ----       2
END OF MODULE INFORMATION.


C51 COMPILATION COMPLETE.  0 WARNING(S),  0 ERROR(S)
