###############################################################################
#                                                                             #
# IAR ANSI C/C++ Compiler V6.10.1.52143/W32 for ARM     03/Jan/2012  22:32:47 #
# Copyright 1999-2010 IAR Systems AB.                                         #
#                                                                             #
#    Cpu mode     =  thumb                                                    #
#    Endian       =  little                                                   #
#    Source file  =  F:\Kinetis\IARK60X256\01_light\src\Sources\C\Component_C #
#                    \light.c                                                 #
#    Command line =  F:\Kinetis\IARK60X256\01_light\src\Sources\C\Component_C #
#                    \light.c -D IAR -D TWR_K60N512 -lCN                      #
#                    F:\Kinetis\IARK60X256\01_light\bin\Flash\List\ -lB       #
#                    F:\Kinetis\IARK60X256\01_light\bin\Flash\List\ -o        #
#                    F:\Kinetis\IARK60X256\01_light\bin\Flash\Obj\ --no_cse   #
#                    --no_unroll --no_inline --no_code_motion --no_tbaa       #
#                    --no_clustering --no_scheduling --debug --endian=little  #
#                    --cpu=Cortex-M4 -e --fpu=None --dlib_config "C:\Program  #
#                    Files\IAR Systems\Embedded Workbench                     #
#                    6.0\arm\INC\c\DLib_Config_Normal.h" -I                   #
#                    F:\Kinetis\IARK60X256\01_light\src\Sources\H\ -I         #
#                    F:\Kinetis\IARK60X256\01_light\src\Sources\H\Component_H #
#                    \ -I F:\Kinetis\IARK60X256\01_light\src\Sources\H\Frame_ #
#                    H\ -Ol --use_c++_inline                                  #
#    List file    =  F:\Kinetis\IARK60X256\01_light\bin\Flash\List\light.lst  #
#    Object file  =  F:\Kinetis\IARK60X256\01_light\bin\Flash\Obj\light.o     #
#                                                                             #
#                                                                             #
###############################################################################

F:\Kinetis\IARK60X256\01_light\src\Sources\C\Component_C\light.c
      1          //-------------------------------------------------------------------------*
      2          // 文件名: light.c                                                         *
      3          // 说  明: 小灯驱动函数文件                                                *
      4          //-------------------------------------------------------------------------*
      5          
      6          #include "light.h"               //指示灯驱动程序头文件   
      7          
      8          //-------------------------------------------------------------------------*
      9          //函数名: light_init                                                       *
     10          //功  能: 初始化指示灯状态                                                 *
     11          //参  数: port:端口名                                                      *
     12          //        name:指定端口引脚号                                              *
     13          //        state:初始状态,1=高电平,0=低电平                                 *
     14          //返  回: 无                                                               *
     15          //说  明: 调用gpio_init函数                                                * 
     16          //-------------------------------------------------------------------------*

   \                                 In section .text, align 2, keep-with-next
     17          void light_init(GPIO_MemMapPtr port,int name,int state)
     18          {
   \                     light_init:
   \   00000000   80B5               PUSH     {R7,LR}
     19          	gpio_init(port,name,1,state);//初始化指示灯
   \   00000002   1300               MOVS     R3,R2
   \   00000004   0122               MOVS     R2,#+1
   \   00000006   ........           BL       gpio_init
     20          }
   \   0000000A   01BD               POP      {R0,PC}          ;; return
     21          
     22          //-------------------------------------------------------------------------* 
     23          //函数名: light_control                                                    *
     24          //功  能: 控制灯的亮和暗                                                   *
     25          //参  数: port:端口名                                                      *
     26          //        name:指定端口引脚号                                              *
     27          //        state:状态,1=高电平,0=低电平                                     *
     28          //返  回: 无                                                               *
     29          //说  明: 调用gpio_ctrl函数                                                * 
     30          //-------------------------------------------------------------------------*   

   \                                 In section .text, align 2, keep-with-next
     31          void light_control(GPIO_MemMapPtr port,int name,int state)
     32          {
   \                     light_control:
   \   00000000   80B5               PUSH     {R7,LR}
     33          	gpio_ctrl(port,name,state);   //控制引脚状态     
   \   00000002   ........           BL       gpio_ctrl
     34          } 
   \   00000006   01BD               POP      {R0,PC}          ;; return
     35          
     36          //-------------------------------------------------------------------------* 
     37          //函数名: light_change                                                     *
     38          //功  能: 状态切换:原来"暗",则变"亮";原来"亮",则变"暗"                     *
     39          //参  数: port:端口名                                                      *
     40          //        name:指定端口引脚号                                              *
     41          //返  回: 无                                                               *
     42          //说  明: 调用gpio_reverse函数                                             *
     43          //-------------------------------------------------------------------------*  

   \                                 In section .text, align 2, keep-with-next
     44          void light_change(GPIO_MemMapPtr port,int name)
     45          {
   \                     light_change:
   \   00000000   80B5               PUSH     {R7,LR}
     46          	gpio_reverse(port,name);
   \   00000002   ........           BL       gpio_reverse
     47          }
   \   00000006   01BD               POP      {R0,PC}          ;; return

   Maximum stack usage in bytes:

     Function      .cstack
     --------      -------
     light_change       8
     light_control      8
     light_init         8


   Section sizes:

     Function/Label Bytes
     -------------- -----
     light_init       12
     light_control     8
     light_change      8

 
 28 bytes in section .text
 
 28 bytes of CODE memory

Errors: none
Warnings: none
