###############################################################################
#                                                                             #
# IAR ANSI C/C++ Compiler V6.10.1.52143/W32 for ARM     07/Jan/2012  00:36:18 #
# Copyright 1999-2010 IAR Systems AB.                                         #
#                                                                             #
#    Cpu mode     =  thumb                                                    #
#    Endian       =  little                                                   #
#    Source file  =  F:\Kinetis\IARK60X256\01_LQ_light\src\Sources\C\isr.c    #
#    Command line =  F:\Kinetis\IARK60X256\01_LQ_light\src\Sources\C\isr.c    #
#                    -D IAR -D TWR_K60N512 -lCN F:\Kinetis\IARK60X256\01_LQ_l #
#                    ight\bin\Ram\List\ -lB F:\Kinetis\IARK60X256\01_LQ_light #
#                    \bin\Ram\List\ -o F:\Kinetis\IARK60X256\01_LQ_light\bin\ #
#                    Ram\Obj\ --no_cse --no_unroll --no_inline                #
#                    --no_code_motion --no_tbaa --no_clustering               #
#                    --no_scheduling --debug --endian=little --cpu=Cortex-M4  #
#                    -e --fpu=None --dlib_config "C:\Program Files\IAR        #
#                    Systems\Embedded Workbench 6.0\arm\INC\c\DLib_Config_Nor #
#                    mal.h" -I F:\Kinetis\IARK60X256\01_LQ_light\src\Sources\ #
#                    H\ -I F:\Kinetis\IARK60X256\01_LQ_light\src\Sources\H\Co #
#                    mponent_H\ -I F:\Kinetis\IARK60X256\01_LQ_light\src\Sour #
#                    ces\H\Frame_H\ -Ol --use_c++_inline                      #
#    List file    =  F:\Kinetis\IARK60X256\01_LQ_light\bin\Ram\List\isr.lst   #
#    Object file  =  F:\Kinetis\IARK60X256\01_LQ_light\bin\Ram\Obj\isr.o      #
#                                                                             #
#                                                                             #
###############################################################################

F:\Kinetis\IARK60X256\01_LQ_light\src\Sources\C\isr.c
      1          //-------------------------------------------------------------------------*
      2          // 文件名: isr.c                                                           *
      3          // 说  明: 中断处理例程                                                    *
      4          //---------------苏州大学飞思卡尔嵌入式系统实验室2011年--------------------*
      5          
      6          #include "includes.h"


 
 
 0 bytes of memory

Errors: none
Warnings: none
